<?xml version="1.0" encoding="UTF-8"?>
<coverage generated="1665586909302" clover="3.2.0">
  <project timestamp="1665586909302" name="All files">
    <metrics statements="117" coveredstatements="113" conditionals="43" coveredconditionals="41" methods="6" coveredmethods="6" elements="166" coveredelements="160" complexity="0" loc="117" ncloc="117" packages="1" files="1" classes="1"/>
    <file name="calculator.js" path="D:\UET\NextDate\calculator.js">
      <metrics statements="117" coveredstatements="113" conditionals="43" coveredconditionals="41" methods="6" coveredmethods="6"/>
      <line num="1" count="1" type="cond" truecount="1" falsecount="0"/>
      <line num="2" count="18" type="stmt"/>
      <line num="3" count="18" type="stmt"/>
      <line num="4" count="18" type="stmt"/>
      <line num="5" count="18" type="cond" truecount="1" falsecount="0"/>
      <line num="6" count="12" type="stmt"/>
      <line num="7" count="12" type="cond" truecount="1" falsecount="0"/>
      <line num="8" count="8" type="stmt"/>
      <line num="9" count="8" type="cond" truecount="1" falsecount="0"/>
      <line num="10" count="5" type="stmt"/>
      <line num="11" count="8" type="cond" truecount="1" falsecount="0"/>
      <line num="12" count="3" type="stmt"/>
      <line num="13" count="3" type="stmt"/>
      <line num="14" count="12" type="cond" truecount="1" falsecount="0"/>
      <line num="15" count="4" type="stmt"/>
      <line num="16" count="4" type="stmt"/>
      <line num="17" count="12" type="stmt"/>
      <line num="18" count="18" type="stmt"/>
      <line num="19" count="18" type="cond" truecount="1" falsecount="0"/>
      <line num="20" count="9" type="stmt"/>
      <line num="21" count="9" type="stmt"/>
      <line num="22" count="9" type="stmt"/>
      <line num="23" count="9" type="stmt"/>
      <line num="24" count="18" type="stmt"/>
      <line num="25" count="1" type="stmt"/>
      <line num="26" count="1" type="cond" truecount="1" falsecount="0"/>
      <line num="27" count="87" type="stmt"/>
      <line num="28" count="87" type="cond" truecount="1" falsecount="0"/>
      <line num="29" count="87" type="cond" truecount="1" falsecount="0"/>
      <line num="30" count="87" type="cond" truecount="1" falsecount="0"/>
      <line num="31" count="87" type="cond" truecount="1" falsecount="0"/>
      <line num="32" count="87" type="cond" truecount="1" falsecount="0"/>
      <line num="33" count="87" type="cond" truecount="1" falsecount="0"/>
      <line num="34" count="87" type="cond" truecount="1" falsecount="0"/>
      <line num="35" count="42" type="stmt"/>
      <line num="36" count="87" type="cond" truecount="1" falsecount="0"/>
      <line num="37" count="87" type="cond" truecount="1" falsecount="0"/>
      <line num="38" count="87" type="cond" truecount="1" falsecount="0"/>
      <line num="39" count="87" type="cond" truecount="1" falsecount="0"/>
      <line num="40" count="24" type="stmt"/>
      <line num="41" count="87" type="cond" truecount="1" falsecount="0"/>
      <line num="42" count="18" type="stmt"/>
      <line num="43" count="87" type="cond" truecount="1" falsecount="0"/>
      <line num="44" count="3" type="stmt"/>
      <line num="45" count="87" type="stmt"/>
      <line num="46" count="87" type="stmt"/>
      <line num="47" count="1" type="stmt"/>
      <line num="48" count="1" type="cond" truecount="1" falsecount="0"/>
      <line num="49" count="47" type="stmt"/>
      <line num="50" count="47" type="cond" truecount="0" falsecount="1"/>
      <line num="51" count="0" type="stmt"/>
      <line num="52" count="0" type="stmt"/>
      <line num="53" count="47" type="cond" truecount="1" falsecount="0"/>
      <line num="54" count="2" type="stmt"/>
      <line num="55" count="2" type="stmt"/>
      <line num="56" count="47" type="stmt"/>
      <line num="57" count="47" type="stmt"/>
      <line num="58" count="47" type="cond" truecount="1" falsecount="0"/>
      <line num="59" count="18" type="stmt"/>
      <line num="60" count="18" type="stmt"/>
      <line num="61" count="47" type="stmt"/>
      <line num="62" count="47" type="stmt"/>
      <line num="63" count="47" type="stmt"/>
      <line num="64" count="1" type="stmt"/>
      <line num="65" count="1" type="cond" truecount="1" falsecount="0"/>
      <line num="66" count="43" type="stmt"/>
      <line num="67" count="43" type="stmt"/>
      <line num="68" count="43" type="stmt"/>
      <line num="69" count="43" type="stmt"/>
      <line num="70" count="43" type="stmt"/>
      <line num="71" count="43" type="stmt"/>
      <line num="72" count="43" type="stmt"/>
      <line num="73" count="1" type="stmt"/>
      <line num="74" count="1" type="cond" truecount="1" falsecount="0"/>
      <line num="75" count="31" type="stmt"/>
      <line num="76" count="31" type="cond" truecount="1" falsecount="0"/>
      <line num="77" count="25" type="stmt"/>
      <line num="78" count="31" type="cond" truecount="1" falsecount="0"/>
      <line num="79" count="6" type="stmt"/>
      <line num="80" count="6" type="stmt"/>
      <line num="81" count="31" type="stmt"/>
      <line num="82" count="31" type="cond" truecount="1" falsecount="0"/>
      <line num="83" count="17" type="stmt"/>
      <line num="84" count="31" type="cond" truecount="1" falsecount="0"/>
      <line num="85" count="14" type="stmt"/>
      <line num="86" count="14" type="stmt"/>
      <line num="87" count="31" type="stmt"/>
      <line num="88" count="31" type="stmt"/>
      <line num="89" count="31" type="stmt"/>
      <line num="90" count="31" type="stmt"/>
      <line num="91" count="31" type="stmt"/>
      <line num="92" count="1" type="stmt"/>
      <line num="93" count="1" type="cond" truecount="1" falsecount="0"/>
      <line num="94" count="43" type="stmt"/>
      <line num="95" count="43" type="cond" truecount="2" falsecount="0"/>
      <line num="96" count="2" type="stmt"/>
      <line num="97" count="2" type="cond" truecount="1" falsecount="0"/>
      <line num="98" count="43" type="cond" truecount="2" falsecount="0"/>
      <line num="99" count="10" type="stmt"/>
      <line num="100" count="10" type="cond" truecount="1" falsecount="0"/>
      <line num="101" count="43" type="cond" truecount="0" falsecount="1"/>
      <line num="102" count="0" type="stmt"/>
      <line num="103" count="0" type="cond" truecount="1" falsecount="0"/>
      <line num="104" count="31" type="stmt"/>
      <line num="105" count="43" type="cond" truecount="1" falsecount="0"/>
      <line num="106" count="16" type="stmt"/>
      <line num="107" count="16" type="stmt"/>
      <line num="108" count="16" type="cond" truecount="1" falsecount="0"/>
      <line num="109" count="2" type="stmt"/>
      <line num="110" count="2" type="stmt"/>
      <line num="111" count="2" type="stmt"/>
      <line num="112" count="16" type="cond" truecount="1" falsecount="0"/>
      <line num="113" count="31" type="stmt"/>
      <line num="114" count="31" type="stmt"/>
      <line num="115" count="31" type="stmt"/>
      <line num="116" count="1" type="stmt"/>
      <line num="117" count="1" type="stmt"/>
    </file>
  </project>
</coverage>
