{"D:\\UET\\NextDate\\calculator.js": {"path":"D:\\UET\\NextDate\\calculator.js","all":false,"statementMap":{"0":{"start":{"line":1,"column":0},"end":{"line":1,"column":34}},"1":{"start":{"line":2,"column":0},"end":{"line":2,"column":27}},"2":{"start":{"line":3,"column":0},"end":{"line":3,"column":0}},"3":{"start":{"line":4,"column":0},"end":{"line":4,"column":19}},"4":{"start":{"line":5,"column":0},"end":{"line":5,"column":25}},"5":{"start":{"line":6,"column":0},"end":{"line":6,"column":26}},"6":{"start":{"line":7,"column":0},"end":{"line":7,"column":31}},"7":{"start":{"line":8,"column":0},"end":{"line":8,"column":34}},"8":{"start":{"line":9,"column":0},"end":{"line":9,"column":35}},"9":{"start":{"line":10,"column":0},"end":{"line":10,"column":34}},"10":{"start":{"line":11,"column":0},"end":{"line":11,"column":20}},"11":{"start":{"line":12,"column":0},"end":{"line":12,"column":35}},"12":{"start":{"line":13,"column":0},"end":{"line":13,"column":13}},"13":{"start":{"line":14,"column":0},"end":{"line":14,"column":16}},"14":{"start":{"line":15,"column":0},"end":{"line":15,"column":30}},"15":{"start":{"line":16,"column":0},"end":{"line":16,"column":9}},"16":{"start":{"line":17,"column":0},"end":{"line":17,"column":5}},"17":{"start":{"line":18,"column":0},"end":{"line":18,"column":0}},"18":{"start":{"line":19,"column":0},"end":{"line":19,"column":21}},"19":{"start":{"line":20,"column":0},"end":{"line":20,"column":18}},"20":{"start":{"line":21,"column":0},"end":{"line":21,"column":12}},"21":{"start":{"line":22,"column":0},"end":{"line":22,"column":18}},"22":{"start":{"line":23,"column":0},"end":{"line":23,"column":5}},"23":{"start":{"line":24,"column":0},"end":{"line":24,"column":2}},"24":{"start":{"line":25,"column":0},"end":{"line":25,"column":0}},"25":{"start":{"line":26,"column":0},"end":{"line":26,"column":41}},"26":{"start":{"line":27,"column":0},"end":{"line":27,"column":20}},"27":{"start":{"line":28,"column":0},"end":{"line":28,"column":15}},"28":{"start":{"line":29,"column":0},"end":{"line":29,"column":15}},"29":{"start":{"line":30,"column":0},"end":{"line":30,"column":15}},"30":{"start":{"line":31,"column":0},"end":{"line":31,"column":15}},"31":{"start":{"line":32,"column":0},"end":{"line":32,"column":15}},"32":{"start":{"line":33,"column":0},"end":{"line":33,"column":16}},"33":{"start":{"line":34,"column":0},"end":{"line":34,"column":16}},"34":{"start":{"line":35,"column":0},"end":{"line":35,"column":22}},"35":{"start":{"line":36,"column":0},"end":{"line":36,"column":15}},"36":{"start":{"line":37,"column":0},"end":{"line":37,"column":15}},"37":{"start":{"line":38,"column":0},"end":{"line":38,"column":15}},"38":{"start":{"line":39,"column":0},"end":{"line":39,"column":16}},"39":{"start":{"line":40,"column":0},"end":{"line":40,"column":22}},"40":{"start":{"line":41,"column":0},"end":{"line":41,"column":15}},"41":{"start":{"line":42,"column":0},"end":{"line":42,"column":40}},"42":{"start":{"line":43,"column":0},"end":{"line":43,"column":16}},"43":{"start":{"line":44,"column":0},"end":{"line":44,"column":21}},"44":{"start":{"line":45,"column":0},"end":{"line":45,"column":5}},"45":{"start":{"line":46,"column":0},"end":{"line":46,"column":2}},"46":{"start":{"line":47,"column":0},"end":{"line":47,"column":0}},"47":{"start":{"line":48,"column":0},"end":{"line":48,"column":40}},"48":{"start":{"line":49,"column":0},"end":{"line":49,"column":23}},"49":{"start":{"line":50,"column":0},"end":{"line":50,"column":37}},"50":{"start":{"line":51,"column":0},"end":{"line":51,"column":24}},"51":{"start":{"line":52,"column":0},"end":{"line":52,"column":5}},"52":{"start":{"line":53,"column":0},"end":{"line":53,"column":34}},"53":{"start":{"line":54,"column":0},"end":{"line":54,"column":24}},"54":{"start":{"line":55,"column":0},"end":{"line":55,"column":5}},"55":{"start":{"line":56,"column":0},"end":{"line":56,"column":0}},"56":{"start":{"line":57,"column":0},"end":{"line":57,"column":50}},"57":{"start":{"line":58,"column":0},"end":{"line":58,"column":39}},"58":{"start":{"line":59,"column":0},"end":{"line":59,"column":24}},"59":{"start":{"line":60,"column":0},"end":{"line":60,"column":5}},"60":{"start":{"line":61,"column":0},"end":{"line":61,"column":0}},"61":{"start":{"line":62,"column":0},"end":{"line":62,"column":19}},"62":{"start":{"line":63,"column":0},"end":{"line":63,"column":2}},"63":{"start":{"line":64,"column":0},"end":{"line":64,"column":0}},"64":{"start":{"line":65,"column":0},"end":{"line":65,"column":47}},"65":{"start":{"line":66,"column":0},"end":{"line":66,"column":44}},"66":{"start":{"line":67,"column":0},"end":{"line":67,"column":41}},"67":{"start":{"line":68,"column":0},"end":{"line":68,"column":39}},"68":{"start":{"line":69,"column":0},"end":{"line":69,"column":40}},"69":{"start":{"line":70,"column":0},"end":{"line":70,"column":0}},"70":{"start":{"line":71,"column":0},"end":{"line":71,"column":30}},"71":{"start":{"line":72,"column":0},"end":{"line":72,"column":2}},"72":{"start":{"line":73,"column":0},"end":{"line":73,"column":0}},"73":{"start":{"line":74,"column":0},"end":{"line":74,"column":40}},"74":{"start":{"line":75,"column":0},"end":{"line":75,"column":24}},"75":{"start":{"line":76,"column":0},"end":{"line":76,"column":21}},"76":{"start":{"line":77,"column":0},"end":{"line":77,"column":34}},"77":{"start":{"line":78,"column":0},"end":{"line":78,"column":12}},"78":{"start":{"line":79,"column":0},"end":{"line":79,"column":28}},"79":{"start":{"line":80,"column":0},"end":{"line":80,"column":5}},"80":{"start":{"line":81,"column":0},"end":{"line":81,"column":22}},"81":{"start":{"line":82,"column":0},"end":{"line":82,"column":19}},"82":{"start":{"line":83,"column":0},"end":{"line":83,"column":32}},"83":{"start":{"line":84,"column":0},"end":{"line":84,"column":12}},"84":{"start":{"line":85,"column":0},"end":{"line":85,"column":26}},"85":{"start":{"line":86,"column":0},"end":{"line":86,"column":5}},"86":{"start":{"line":87,"column":0},"end":{"line":87,"column":22}},"87":{"start":{"line":88,"column":0},"end":{"line":88,"column":23}},"88":{"start":{"line":89,"column":0},"end":{"line":89,"column":0}},"89":{"start":{"line":90,"column":0},"end":{"line":90,"column":22}},"90":{"start":{"line":91,"column":0},"end":{"line":91,"column":2}},"91":{"start":{"line":92,"column":0},"end":{"line":92,"column":0}},"92":{"start":{"line":93,"column":0},"end":{"line":93,"column":38}},"93":{"start":{"line":94,"column":0},"end":{"line":94,"column":63}},"94":{"start":{"line":95,"column":0},"end":{"line":95,"column":37}},"95":{"start":{"line":96,"column":0},"end":{"line":96,"column":25}},"96":{"start":{"line":97,"column":0},"end":{"line":97,"column":5}},"97":{"start":{"line":98,"column":0},"end":{"line":98,"column":55}},"98":{"start":{"line":99,"column":0},"end":{"line":99,"column":25}},"99":{"start":{"line":100,"column":0},"end":{"line":100,"column":5}},"100":{"start":{"line":101,"column":0},"end":{"line":101,"column":34}},"101":{"start":{"line":102,"column":0},"end":{"line":102,"column":25}},"102":{"start":{"line":103,"column":0},"end":{"line":103,"column":5}},"103":{"start":{"line":104,"column":0},"end":{"line":104,"column":10}},"104":{"start":{"line":105,"column":0},"end":{"line":105,"column":38}},"105":{"start":{"line":106,"column":0},"end":{"line":106,"column":16}},"106":{"start":{"line":107,"column":0},"end":{"line":107,"column":16}},"107":{"start":{"line":108,"column":0},"end":{"line":108,"column":42}},"108":{"start":{"line":109,"column":0},"end":{"line":109,"column":22}},"109":{"start":{"line":110,"column":0},"end":{"line":110,"column":19}},"110":{"start":{"line":111,"column":0},"end":{"line":111,"column":9}},"111":{"start":{"line":112,"column":0},"end":{"line":112,"column":5}},"112":{"start":{"line":113,"column":0},"end":{"line":113,"column":0}},"113":{"start":{"line":114,"column":0},"end":{"line":114,"column":38}},"114":{"start":{"line":115,"column":0},"end":{"line":115,"column":2}},"115":{"start":{"line":116,"column":0},"end":{"line":116,"column":0}},"116":{"start":{"line":117,"column":0},"end":{"line":117,"column":30}}},"s":{"0":1,"1":18,"2":18,"3":18,"4":18,"5":12,"6":12,"7":8,"8":8,"9":5,"10":8,"11":3,"12":3,"13":12,"14":4,"15":4,"16":12,"17":18,"18":18,"19":9,"20":9,"21":9,"22":9,"23":18,"24":1,"25":1,"26":87,"27":87,"28":87,"29":87,"30":87,"31":87,"32":87,"33":87,"34":42,"35":87,"36":87,"37":87,"38":87,"39":24,"40":87,"41":18,"42":87,"43":3,"44":87,"45":87,"46":1,"47":1,"48":47,"49":47,"50":0,"51":0,"52":47,"53":2,"54":2,"55":47,"56":47,"57":47,"58":18,"59":18,"60":47,"61":47,"62":47,"63":1,"64":1,"65":43,"66":43,"67":43,"68":43,"69":43,"70":43,"71":43,"72":1,"73":1,"74":31,"75":31,"76":25,"77":31,"78":6,"79":6,"80":31,"81":31,"82":17,"83":31,"84":14,"85":14,"86":31,"87":31,"88":31,"89":31,"90":31,"91":1,"92":1,"93":43,"94":43,"95":2,"96":2,"97":43,"98":10,"99":10,"100":43,"101":0,"102":0,"103":31,"104":43,"105":16,"106":16,"107":16,"108":2,"109":2,"110":2,"111":16,"112":31,"113":31,"114":31,"115":1,"116":1},"branchMap":{"0":{"type":"branch","line":1,"loc":{"start":{"line":1,"column":24},"end":{"line":24,"column":2}},"locations":[{"start":{"line":1,"column":24},"end":{"line":24,"column":2}}]},"1":{"type":"branch","line":5,"loc":{"start":{"line":5,"column":24},"end":{"line":17,"column":5}},"locations":[{"start":{"line":5,"column":24},"end":{"line":17,"column":5}}]},"2":{"type":"branch","line":7,"loc":{"start":{"line":7,"column":30},"end":{"line":14,"column":9}},"locations":[{"start":{"line":7,"column":30},"end":{"line":14,"column":9}}]},"3":{"type":"branch","line":9,"loc":{"start":{"line":9,"column":34},"end":{"line":11,"column":13}},"locations":[{"start":{"line":9,"column":34},"end":{"line":11,"column":13}}]},"4":{"type":"branch","line":11,"loc":{"start":{"line":11,"column":13},"end":{"line":13,"column":13}},"locations":[{"start":{"line":11,"column":13},"end":{"line":13,"column":13}}]},"5":{"type":"branch","line":14,"loc":{"start":{"line":14,"column":9},"end":{"line":16,"column":9}},"locations":[{"start":{"line":14,"column":9},"end":{"line":16,"column":9}}]},"6":{"type":"branch","line":19,"loc":{"start":{"line":19,"column":20},"end":{"line":23,"column":5}},"locations":[{"start":{"line":19,"column":20},"end":{"line":23,"column":5}}]},"7":{"type":"branch","line":26,"loc":{"start":{"line":26,"column":23},"end":{"line":46,"column":2}},"locations":[{"start":{"line":26,"column":23},"end":{"line":46,"column":2}}]},"8":{"type":"branch","line":28,"loc":{"start":{"line":28,"column":8},"end":{"line":28,"column":15}},"locations":[{"start":{"line":28,"column":8},"end":{"line":28,"column":15}}]},"9":{"type":"branch","line":29,"loc":{"start":{"line":29,"column":8},"end":{"line":29,"column":15}},"locations":[{"start":{"line":29,"column":8},"end":{"line":29,"column":15}}]},"10":{"type":"branch","line":30,"loc":{"start":{"line":30,"column":8},"end":{"line":30,"column":15}},"locations":[{"start":{"line":30,"column":8},"end":{"line":30,"column":15}}]},"11":{"type":"branch","line":31,"loc":{"start":{"line":31,"column":8},"end":{"line":31,"column":15}},"locations":[{"start":{"line":31,"column":8},"end":{"line":31,"column":15}}]},"12":{"type":"branch","line":32,"loc":{"start":{"line":32,"column":8},"end":{"line":32,"column":15}},"locations":[{"start":{"line":32,"column":8},"end":{"line":32,"column":15}}]},"13":{"type":"branch","line":33,"loc":{"start":{"line":33,"column":8},"end":{"line":33,"column":16}},"locations":[{"start":{"line":33,"column":8},"end":{"line":33,"column":16}}]},"14":{"type":"branch","line":34,"loc":{"start":{"line":34,"column":8},"end":{"line":35,"column":22}},"locations":[{"start":{"line":34,"column":8},"end":{"line":35,"column":22}}]},"15":{"type":"branch","line":36,"loc":{"start":{"line":36,"column":8},"end":{"line":36,"column":15}},"locations":[{"start":{"line":36,"column":8},"end":{"line":36,"column":15}}]},"16":{"type":"branch","line":37,"loc":{"start":{"line":37,"column":8},"end":{"line":37,"column":15}},"locations":[{"start":{"line":37,"column":8},"end":{"line":37,"column":15}}]},"17":{"type":"branch","line":38,"loc":{"start":{"line":38,"column":8},"end":{"line":38,"column":15}},"locations":[{"start":{"line":38,"column":8},"end":{"line":38,"column":15}}]},"18":{"type":"branch","line":39,"loc":{"start":{"line":39,"column":8},"end":{"line":40,"column":22}},"locations":[{"start":{"line":39,"column":8},"end":{"line":40,"column":22}}]},"19":{"type":"branch","line":41,"loc":{"start":{"line":41,"column":8},"end":{"line":42,"column":40}},"locations":[{"start":{"line":41,"column":8},"end":{"line":42,"column":40}}]},"20":{"type":"branch","line":43,"loc":{"start":{"line":43,"column":8},"end":{"line":44,"column":21}},"locations":[{"start":{"line":43,"column":8},"end":{"line":44,"column":21}}]},"21":{"type":"branch","line":48,"loc":{"start":{"line":48,"column":17},"end":{"line":63,"column":2}},"locations":[{"start":{"line":48,"column":17},"end":{"line":63,"column":2}}]},"22":{"type":"branch","line":50,"loc":{"start":{"line":50,"column":36},"end":{"line":52,"column":5}},"locations":[{"start":{"line":50,"column":36},"end":{"line":52,"column":5}}]},"23":{"type":"branch","line":53,"loc":{"start":{"line":53,"column":33},"end":{"line":55,"column":5}},"locations":[{"start":{"line":53,"column":33},"end":{"line":55,"column":5}}]},"24":{"type":"branch","line":58,"loc":{"start":{"line":58,"column":38},"end":{"line":60,"column":5}},"locations":[{"start":{"line":58,"column":38},"end":{"line":60,"column":5}}]},"25":{"type":"branch","line":65,"loc":{"start":{"line":65,"column":31},"end":{"line":72,"column":2}},"locations":[{"start":{"line":65,"column":31},"end":{"line":72,"column":2}}]},"26":{"type":"branch","line":74,"loc":{"start":{"line":74,"column":17},"end":{"line":91,"column":2}},"locations":[{"start":{"line":74,"column":17},"end":{"line":91,"column":2}}]},"27":{"type":"branch","line":76,"loc":{"start":{"line":76,"column":20},"end":{"line":78,"column":5}},"locations":[{"start":{"line":76,"column":20},"end":{"line":78,"column":5}}]},"28":{"type":"branch","line":78,"loc":{"start":{"line":78,"column":5},"end":{"line":80,"column":5}},"locations":[{"start":{"line":78,"column":5},"end":{"line":80,"column":5}}]},"29":{"type":"branch","line":82,"loc":{"start":{"line":82,"column":18},"end":{"line":84,"column":5}},"locations":[{"start":{"line":82,"column":18},"end":{"line":84,"column":5}}]},"30":{"type":"branch","line":84,"loc":{"start":{"line":84,"column":5},"end":{"line":86,"column":5}},"locations":[{"start":{"line":84,"column":5},"end":{"line":86,"column":5}}]},"31":{"type":"branch","line":93,"loc":{"start":{"line":93,"column":22},"end":{"line":115,"column":2}},"locations":[{"start":{"line":93,"column":22},"end":{"line":115,"column":2}}]},"32":{"type":"branch","line":95,"loc":{"start":{"line":95,"column":19},"end":{"line":95,"column":34}},"locations":[{"start":{"line":95,"column":19},"end":{"line":95,"column":34}}]},"33":{"type":"branch","line":95,"loc":{"start":{"line":95,"column":36},"end":{"line":97,"column":5}},"locations":[{"start":{"line":95,"column":36},"end":{"line":97,"column":5}}]},"34":{"type":"branch","line":97,"loc":{"start":{"line":97,"column":4},"end":{"line":98,"column":19}},"locations":[{"start":{"line":97,"column":4},"end":{"line":98,"column":19}}]},"35":{"type":"branch","line":98,"loc":{"start":{"line":98,"column":15},"end":{"line":98,"column":52}},"locations":[{"start":{"line":98,"column":15},"end":{"line":98,"column":52}}]},"36":{"type":"branch","line":98,"loc":{"start":{"line":98,"column":54},"end":{"line":100,"column":5}},"locations":[{"start":{"line":98,"column":54},"end":{"line":100,"column":5}}]},"37":{"type":"branch","line":100,"loc":{"start":{"line":100,"column":4},"end":{"line":101,"column":31}},"locations":[{"start":{"line":100,"column":4},"end":{"line":101,"column":31}}]},"38":{"type":"branch","line":101,"loc":{"start":{"line":101,"column":33},"end":{"line":103,"column":5}},"locations":[{"start":{"line":101,"column":33},"end":{"line":103,"column":5}}]},"39":{"type":"branch","line":103,"loc":{"start":{"line":103,"column":4},"end":{"line":105,"column":37}},"locations":[{"start":{"line":103,"column":4},"end":{"line":105,"column":37}}]},"40":{"type":"branch","line":105,"loc":{"start":{"line":105,"column":37},"end":{"line":112,"column":5}},"locations":[{"start":{"line":105,"column":37},"end":{"line":112,"column":5}}]},"41":{"type":"branch","line":108,"loc":{"start":{"line":108,"column":41},"end":{"line":111,"column":9}},"locations":[{"start":{"line":108,"column":41},"end":{"line":111,"column":9}}]},"42":{"type":"branch","line":112,"loc":{"start":{"line":112,"column":4},"end":{"line":115,"column":2}},"locations":[{"start":{"line":112,"column":4},"end":{"line":115,"column":2}}]}},"b":{"0":[18],"1":[12],"2":[8],"3":[5],"4":[3],"5":[4],"6":[9],"7":[87],"8":[7],"9":[15],"10":[20],"11":[25],"12":[30],"13":[35],"14":[42],"15":[6],"16":[12],"17":[18],"18":[24],"19":[18],"20":[3],"21":[47],"22":[0],"23":[2],"24":[18],"25":[43],"26":[31],"27":[25],"28":[6],"29":[17],"30":[14],"31":[43],"32":[42],"33":[2],"34":[41],"35":[40],"36":[10],"37":[31],"38":[0],"39":[31],"40":[16],"41":[2],"42":[31]},"fnMap":{"0":{"name":"calcMaxFebDays","decl":{"start":{"line":1,"column":24},"end":{"line":24,"column":2}},"loc":{"start":{"line":1,"column":24},"end":{"line":24,"column":2}},"line":1},"1":{"name":"getDaysInMonth","decl":{"start":{"line":26,"column":23},"end":{"line":46,"column":2}},"loc":{"start":{"line":26,"column":23},"end":{"line":46,"column":2}},"line":26},"2":{"name":"validate","decl":{"start":{"line":48,"column":17},"end":{"line":63,"column":2}},"loc":{"start":{"line":48,"column":17},"end":{"line":63,"column":2}},"line":48},"3":{"name":"handleInputDateString","decl":{"start":{"line":65,"column":31},"end":{"line":72,"column":2}},"loc":{"start":{"line":65,"column":31},"end":{"line":72,"column":2}},"line":65},"4":{"name":"toString","decl":{"start":{"line":74,"column":17},"end":{"line":91,"column":2}},"loc":{"start":{"line":74,"column":17},"end":{"line":91,"column":2}},"line":74},"5":{"name":"calcNextDate","decl":{"start":{"line":93,"column":22},"end":{"line":115,"column":2}},"loc":{"start":{"line":93,"column":22},"end":{"line":115,"column":2}},"line":93}},"f":{"0":18,"1":87,"2":47,"3":43,"4":31,"5":43}}
}
