{"D:\\UET\\NextDate\\calculator.js": {"path":"D:\\UET\\NextDate\\calculator.js","all":false,"statementMap":{"0":{"start":{"line":1,"column":0},"end":{"line":1,"column":34}},"1":{"start":{"line":2,"column":0},"end":{"line":2,"column":27}},"2":{"start":{"line":3,"column":0},"end":{"line":3,"column":0}},"3":{"start":{"line":4,"column":0},"end":{"line":4,"column":19}},"4":{"start":{"line":5,"column":0},"end":{"line":5,"column":25}},"5":{"start":{"line":6,"column":0},"end":{"line":6,"column":26}},"6":{"start":{"line":7,"column":0},"end":{"line":7,"column":31}},"7":{"start":{"line":8,"column":0},"end":{"line":8,"column":34}},"8":{"start":{"line":9,"column":0},"end":{"line":9,"column":35}},"9":{"start":{"line":10,"column":0},"end":{"line":10,"column":34}},"10":{"start":{"line":11,"column":0},"end":{"line":11,"column":20}},"11":{"start":{"line":12,"column":0},"end":{"line":12,"column":35}},"12":{"start":{"line":13,"column":0},"end":{"line":13,"column":13}},"13":{"start":{"line":14,"column":0},"end":{"line":14,"column":16}},"14":{"start":{"line":15,"column":0},"end":{"line":15,"column":30}},"15":{"start":{"line":16,"column":0},"end":{"line":16,"column":9}},"16":{"start":{"line":17,"column":0},"end":{"line":17,"column":5}},"17":{"start":{"line":18,"column":0},"end":{"line":18,"column":0}},"18":{"start":{"line":19,"column":0},"end":{"line":19,"column":21}},"19":{"start":{"line":20,"column":0},"end":{"line":20,"column":18}},"20":{"start":{"line":21,"column":0},"end":{"line":21,"column":12}},"21":{"start":{"line":22,"column":0},"end":{"line":22,"column":18}},"22":{"start":{"line":23,"column":0},"end":{"line":23,"column":5}},"23":{"start":{"line":24,"column":0},"end":{"line":24,"column":2}},"24":{"start":{"line":25,"column":0},"end":{"line":25,"column":0}},"25":{"start":{"line":26,"column":0},"end":{"line":26,"column":41}},"26":{"start":{"line":27,"column":0},"end":{"line":27,"column":20}},"27":{"start":{"line":28,"column":0},"end":{"line":28,"column":15}},"28":{"start":{"line":29,"column":0},"end":{"line":29,"column":15}},"29":{"start":{"line":30,"column":0},"end":{"line":30,"column":15}},"30":{"start":{"line":31,"column":0},"end":{"line":31,"column":15}},"31":{"start":{"line":32,"column":0},"end":{"line":32,"column":15}},"32":{"start":{"line":33,"column":0},"end":{"line":33,"column":16}},"33":{"start":{"line":34,"column":0},"end":{"line":34,"column":16}},"34":{"start":{"line":35,"column":0},"end":{"line":35,"column":22}},"35":{"start":{"line":36,"column":0},"end":{"line":36,"column":15}},"36":{"start":{"line":37,"column":0},"end":{"line":37,"column":15}},"37":{"start":{"line":38,"column":0},"end":{"line":38,"column":15}},"38":{"start":{"line":39,"column":0},"end":{"line":39,"column":16}},"39":{"start":{"line":40,"column":0},"end":{"line":40,"column":22}},"40":{"start":{"line":41,"column":0},"end":{"line":41,"column":15}},"41":{"start":{"line":42,"column":0},"end":{"line":42,"column":40}},"42":{"start":{"line":43,"column":0},"end":{"line":43,"column":16}},"43":{"start":{"line":44,"column":0},"end":{"line":44,"column":21}},"44":{"start":{"line":45,"column":0},"end":{"line":45,"column":5}},"45":{"start":{"line":46,"column":0},"end":{"line":46,"column":2}},"46":{"start":{"line":47,"column":0},"end":{"line":47,"column":0}},"47":{"start":{"line":48,"column":0},"end":{"line":48,"column":40}},"48":{"start":{"line":49,"column":0},"end":{"line":49,"column":23}},"49":{"start":{"line":50,"column":0},"end":{"line":50,"column":37}},"50":{"start":{"line":51,"column":0},"end":{"line":51,"column":24}},"51":{"start":{"line":52,"column":0},"end":{"line":52,"column":5}},"52":{"start":{"line":53,"column":0},"end":{"line":53,"column":34}},"53":{"start":{"line":54,"column":0},"end":{"line":54,"column":24}},"54":{"start":{"line":55,"column":0},"end":{"line":55,"column":5}},"55":{"start":{"line":56,"column":0},"end":{"line":56,"column":0}},"56":{"start":{"line":57,"column":0},"end":{"line":57,"column":50}},"57":{"start":{"line":58,"column":0},"end":{"line":58,"column":39}},"58":{"start":{"line":59,"column":0},"end":{"line":59,"column":24}},"59":{"start":{"line":60,"column":0},"end":{"line":60,"column":5}},"60":{"start":{"line":61,"column":0},"end":{"line":61,"column":0}},"61":{"start":{"line":62,"column":0},"end":{"line":62,"column":19}},"62":{"start":{"line":63,"column":0},"end":{"line":63,"column":2}},"63":{"start":{"line":64,"column":0},"end":{"line":64,"column":0}},"64":{"start":{"line":65,"column":0},"end":{"line":65,"column":47}},"65":{"start":{"line":66,"column":0},"end":{"line":66,"column":44}},"66":{"start":{"line":67,"column":0},"end":{"line":67,"column":41}},"67":{"start":{"line":68,"column":0},"end":{"line":68,"column":39}},"68":{"start":{"line":69,"column":0},"end":{"line":69,"column":40}},"69":{"start":{"line":70,"column":0},"end":{"line":70,"column":0}},"70":{"start":{"line":71,"column":0},"end":{"line":71,"column":30}},"71":{"start":{"line":72,"column":0},"end":{"line":72,"column":2}},"72":{"start":{"line":73,"column":0},"end":{"line":73,"column":0}},"73":{"start":{"line":74,"column":0},"end":{"line":74,"column":40}},"74":{"start":{"line":75,"column":0},"end":{"line":75,"column":24}},"75":{"start":{"line":76,"column":0},"end":{"line":76,"column":21}},"76":{"start":{"line":77,"column":0},"end":{"line":77,"column":34}},"77":{"start":{"line":78,"column":0},"end":{"line":78,"column":12}},"78":{"start":{"line":79,"column":0},"end":{"line":79,"column":28}},"79":{"start":{"line":80,"column":0},"end":{"line":80,"column":5}},"80":{"start":{"line":81,"column":0},"end":{"line":81,"column":22}},"81":{"start":{"line":82,"column":0},"end":{"line":82,"column":19}},"82":{"start":{"line":83,"column":0},"end":{"line":83,"column":32}},"83":{"start":{"line":84,"column":0},"end":{"line":84,"column":12}},"84":{"start":{"line":85,"column":0},"end":{"line":85,"column":26}},"85":{"start":{"line":86,"column":0},"end":{"line":86,"column":5}},"86":{"start":{"line":87,"column":0},"end":{"line":87,"column":22}},"87":{"start":{"line":88,"column":0},"end":{"line":88,"column":23}},"88":{"start":{"line":89,"column":0},"end":{"line":89,"column":0}},"89":{"start":{"line":90,"column":0},"end":{"line":90,"column":22}},"90":{"start":{"line":91,"column":0},"end":{"line":91,"column":2}},"91":{"start":{"line":92,"column":0},"end":{"line":92,"column":0}},"92":{"start":{"line":93,"column":0},"end":{"line":93,"column":38}},"93":{"start":{"line":94,"column":0},"end":{"line":94,"column":63}},"94":{"start":{"line":95,"column":0},"end":{"line":95,"column":8}},"95":{"start":{"line":96,"column":0},"end":{"line":96,"column":22}},"96":{"start":{"line":97,"column":0},"end":{"line":97,"column":22}},"97":{"start":{"line":98,"column":0},"end":{"line":98,"column":18}},"98":{"start":{"line":99,"column":0},"end":{"line":99,"column":44}},"99":{"start":{"line":100,"column":0},"end":{"line":100,"column":20}},"100":{"start":{"line":101,"column":0},"end":{"line":101,"column":18}},"101":{"start":{"line":102,"column":0},"end":{"line":102,"column":7}},"102":{"start":{"line":103,"column":0},"end":{"line":103,"column":25}},"103":{"start":{"line":104,"column":0},"end":{"line":104,"column":5}},"104":{"start":{"line":105,"column":0},"end":{"line":105,"column":0}},"105":{"start":{"line":106,"column":0},"end":{"line":106,"column":10}},"106":{"start":{"line":107,"column":0},"end":{"line":107,"column":38}},"107":{"start":{"line":108,"column":0},"end":{"line":108,"column":16}},"108":{"start":{"line":109,"column":0},"end":{"line":109,"column":16}},"109":{"start":{"line":110,"column":0},"end":{"line":110,"column":42}},"110":{"start":{"line":111,"column":0},"end":{"line":111,"column":22}},"111":{"start":{"line":112,"column":0},"end":{"line":112,"column":19}},"112":{"start":{"line":113,"column":0},"end":{"line":113,"column":9}},"113":{"start":{"line":114,"column":0},"end":{"line":114,"column":5}},"114":{"start":{"line":115,"column":0},"end":{"line":115,"column":38}},"115":{"start":{"line":116,"column":0},"end":{"line":116,"column":2}},"116":{"start":{"line":117,"column":0},"end":{"line":117,"column":0}},"117":{"start":{"line":118,"column":0},"end":{"line":118,"column":27}},"118":{"start":{"line":119,"column":0},"end":{"line":119,"column":0}},"119":{"start":{"line":120,"column":0},"end":{"line":120,"column":30}}},"s":{"0":1,"1":2,"2":2,"3":2,"4":2,"5":0,"6":0,"7":0,"8":0,"9":0,"10":0,"11":0,"12":0,"13":0,"14":0,"15":0,"16":0,"17":2,"18":2,"19":0,"20":2,"21":2,"22":2,"23":2,"24":1,"25":1,"26":11,"27":11,"28":11,"29":11,"30":11,"31":11,"32":11,"33":11,"34":8,"35":11,"36":11,"37":11,"38":11,"39":0,"40":11,"41":2,"42":11,"43":1,"44":11,"45":11,"46":1,"47":1,"48":7,"49":7,"50":0,"51":0,"52":7,"53":1,"54":1,"55":7,"56":7,"57":7,"58":4,"59":4,"60":7,"61":7,"62":7,"63":1,"64":1,"65":5,"66":5,"67":5,"68":5,"69":5,"70":5,"71":5,"72":1,"73":1,"74":4,"75":4,"76":4,"77":4,"78":0,"79":0,"80":4,"81":4,"82":3,"83":4,"84":1,"85":1,"86":4,"87":4,"88":4,"89":4,"90":4,"91":1,"92":1,"93":5,"94":5,"95":5,"96":5,"97":5,"98":5,"99":5,"100":4,"101":5,"102":1,"103":1,"104":4,"105":4,"106":5,"107":3,"108":3,"109":3,"110":1,"111":1,"112":1,"113":3,"114":4,"115":4,"116":1,"117":1,"118":1,"119":1},"branchMap":{"0":{"type":"branch","line":1,"loc":{"start":{"line":1,"column":24},"end":{"line":24,"column":2}},"locations":[{"start":{"line":1,"column":24},"end":{"line":24,"column":2}}]},"1":{"type":"branch","line":5,"loc":{"start":{"line":5,"column":24},"end":{"line":17,"column":5}},"locations":[{"start":{"line":5,"column":24},"end":{"line":17,"column":5}}]},"2":{"type":"branch","line":19,"loc":{"start":{"line":19,"column":20},"end":{"line":21,"column":5}},"locations":[{"start":{"line":19,"column":20},"end":{"line":21,"column":5}}]},"3":{"type":"branch","line":26,"loc":{"start":{"line":26,"column":23},"end":{"line":46,"column":2}},"locations":[{"start":{"line":26,"column":23},"end":{"line":46,"column":2}}]},"4":{"type":"branch","line":28,"loc":{"start":{"line":28,"column":8},"end":{"line":28,"column":15}},"locations":[{"start":{"line":28,"column":8},"end":{"line":28,"column":15}}]},"5":{"type":"branch","line":29,"loc":{"start":{"line":29,"column":8},"end":{"line":29,"column":15}},"locations":[{"start":{"line":29,"column":8},"end":{"line":29,"column":15}}]},"6":{"type":"branch","line":30,"loc":{"start":{"line":30,"column":8},"end":{"line":30,"column":15}},"locations":[{"start":{"line":30,"column":8},"end":{"line":30,"column":15}}]},"7":{"type":"branch","line":31,"loc":{"start":{"line":31,"column":8},"end":{"line":31,"column":15}},"locations":[{"start":{"line":31,"column":8},"end":{"line":31,"column":15}}]},"8":{"type":"branch","line":32,"loc":{"start":{"line":32,"column":8},"end":{"line":32,"column":15}},"locations":[{"start":{"line":32,"column":8},"end":{"line":32,"column":15}}]},"9":{"type":"branch","line":33,"loc":{"start":{"line":33,"column":8},"end":{"line":33,"column":16}},"locations":[{"start":{"line":33,"column":8},"end":{"line":33,"column":16}}]},"10":{"type":"branch","line":34,"loc":{"start":{"line":34,"column":8},"end":{"line":35,"column":22}},"locations":[{"start":{"line":34,"column":8},"end":{"line":35,"column":22}}]},"11":{"type":"branch","line":36,"loc":{"start":{"line":36,"column":8},"end":{"line":36,"column":15}},"locations":[{"start":{"line":36,"column":8},"end":{"line":36,"column":15}}]},"12":{"type":"branch","line":37,"loc":{"start":{"line":37,"column":8},"end":{"line":37,"column":15}},"locations":[{"start":{"line":37,"column":8},"end":{"line":37,"column":15}}]},"13":{"type":"branch","line":38,"loc":{"start":{"line":38,"column":8},"end":{"line":38,"column":15}},"locations":[{"start":{"line":38,"column":8},"end":{"line":38,"column":15}}]},"14":{"type":"branch","line":39,"loc":{"start":{"line":39,"column":8},"end":{"line":40,"column":22}},"locations":[{"start":{"line":39,"column":8},"end":{"line":40,"column":22}}]},"15":{"type":"branch","line":41,"loc":{"start":{"line":41,"column":8},"end":{"line":42,"column":40}},"locations":[{"start":{"line":41,"column":8},"end":{"line":42,"column":40}}]},"16":{"type":"branch","line":43,"loc":{"start":{"line":43,"column":8},"end":{"line":44,"column":21}},"locations":[{"start":{"line":43,"column":8},"end":{"line":44,"column":21}}]},"17":{"type":"branch","line":48,"loc":{"start":{"line":48,"column":17},"end":{"line":63,"column":2}},"locations":[{"start":{"line":48,"column":17},"end":{"line":63,"column":2}}]},"18":{"type":"branch","line":50,"loc":{"start":{"line":50,"column":36},"end":{"line":52,"column":5}},"locations":[{"start":{"line":50,"column":36},"end":{"line":52,"column":5}}]},"19":{"type":"branch","line":53,"loc":{"start":{"line":53,"column":33},"end":{"line":55,"column":5}},"locations":[{"start":{"line":53,"column":33},"end":{"line":55,"column":5}}]},"20":{"type":"branch","line":58,"loc":{"start":{"line":58,"column":38},"end":{"line":60,"column":5}},"locations":[{"start":{"line":58,"column":38},"end":{"line":60,"column":5}}]},"21":{"type":"branch","line":65,"loc":{"start":{"line":65,"column":31},"end":{"line":72,"column":2}},"locations":[{"start":{"line":65,"column":31},"end":{"line":72,"column":2}}]},"22":{"type":"branch","line":74,"loc":{"start":{"line":74,"column":17},"end":{"line":91,"column":2}},"locations":[{"start":{"line":74,"column":17},"end":{"line":91,"column":2}}]},"23":{"type":"branch","line":78,"loc":{"start":{"line":78,"column":5},"end":{"line":80,"column":5}},"locations":[{"start":{"line":78,"column":5},"end":{"line":80,"column":5}}]},"24":{"type":"branch","line":82,"loc":{"start":{"line":82,"column":18},"end":{"line":84,"column":5}},"locations":[{"start":{"line":82,"column":18},"end":{"line":84,"column":5}}]},"25":{"type":"branch","line":84,"loc":{"start":{"line":84,"column":5},"end":{"line":86,"column":5}},"locations":[{"start":{"line":84,"column":5},"end":{"line":86,"column":5}}]},"26":{"type":"branch","line":93,"loc":{"start":{"line":93,"column":22},"end":{"line":116,"column":2}},"locations":[{"start":{"line":93,"column":22},"end":{"line":116,"column":2}}]},"27":{"type":"branch","line":96,"loc":{"start":{"line":96,"column":19},"end":{"line":97,"column":19}},"locations":[{"start":{"line":96,"column":19},"end":{"line":97,"column":19}}]},"28":{"type":"branch","line":97,"loc":{"start":{"line":97,"column":19},"end":{"line":98,"column":15}},"locations":[{"start":{"line":97,"column":19},"end":{"line":98,"column":15}}]},"29":{"type":"branch","line":98,"loc":{"start":{"line":98,"column":15},"end":{"line":99,"column":41}},"locations":[{"start":{"line":98,"column":15},"end":{"line":99,"column":41}}]},"30":{"type":"branch","line":99,"loc":{"start":{"line":99,"column":41},"end":{"line":100,"column":17}},"locations":[{"start":{"line":99,"column":41},"end":{"line":100,"column":17}}]},"31":{"type":"branch","line":100,"loc":{"start":{"line":100,"column":17},"end":{"line":101,"column":18}},"locations":[{"start":{"line":100,"column":17},"end":{"line":101,"column":18}}]},"32":{"type":"branch","line":102,"loc":{"start":{"line":102,"column":6},"end":{"line":104,"column":5}},"locations":[{"start":{"line":102,"column":6},"end":{"line":104,"column":5}}]},"33":{"type":"branch","line":104,"loc":{"start":{"line":104,"column":4},"end":{"line":107,"column":37}},"locations":[{"start":{"line":104,"column":4},"end":{"line":107,"column":37}}]},"34":{"type":"branch","line":107,"loc":{"start":{"line":107,"column":37},"end":{"line":114,"column":5}},"locations":[{"start":{"line":107,"column":37},"end":{"line":114,"column":5}}]},"35":{"type":"branch","line":110,"loc":{"start":{"line":110,"column":41},"end":{"line":113,"column":9}},"locations":[{"start":{"line":110,"column":41},"end":{"line":113,"column":9}}]},"36":{"type":"branch","line":114,"loc":{"start":{"line":114,"column":4},"end":{"line":116,"column":2}},"locations":[{"start":{"line":114,"column":4},"end":{"line":116,"column":2}}]}},"b":{"0":[2],"1":[0],"2":[0],"3":[11],"4":[6],"5":[6],"6":[6],"7":[6],"8":[6],"9":[6],"10":[8],"11":[0],"12":[0],"13":[0],"14":[0],"15":[2],"16":[1],"17":[7],"18":[0],"19":[1],"20":[4],"21":[5],"22":[4],"23":[0],"24":[3],"25":[1],"26":[5],"27":[4],"28":[4],"29":[4],"30":[4],"31":[4],"32":[1],"33":[4],"34":[3],"35":[1],"36":[4]},"fnMap":{"0":{"name":"calcMaxFebDays","decl":{"start":{"line":1,"column":24},"end":{"line":24,"column":2}},"loc":{"start":{"line":1,"column":24},"end":{"line":24,"column":2}},"line":1},"1":{"name":"getDaysInMonth","decl":{"start":{"line":26,"column":23},"end":{"line":46,"column":2}},"loc":{"start":{"line":26,"column":23},"end":{"line":46,"column":2}},"line":26},"2":{"name":"validate","decl":{"start":{"line":48,"column":17},"end":{"line":63,"column":2}},"loc":{"start":{"line":48,"column":17},"end":{"line":63,"column":2}},"line":48},"3":{"name":"handleInputDateString","decl":{"start":{"line":65,"column":31},"end":{"line":72,"column":2}},"loc":{"start":{"line":65,"column":31},"end":{"line":72,"column":2}},"line":65},"4":{"name":"toString","decl":{"start":{"line":74,"column":17},"end":{"line":91,"column":2}},"loc":{"start":{"line":74,"column":17},"end":{"line":91,"column":2}},"line":74},"5":{"name":"calcNextDate","decl":{"start":{"line":93,"column":22},"end":{"line":116,"column":2}},"loc":{"start":{"line":93,"column":22},"end":{"line":116,"column":2}},"line":93}},"f":{"0":2,"1":11,"2":7,"3":5,"4":4,"5":5}}
}
