TN:
SF:calculator.js
FN:1,calcMaxFebDays
FN:26,getDaysInMonth
FN:48,validate
FN:65,handleInputDateString
FN:74,toString
FN:93,calcNextDate
FNF:6
FNH:6
FNDA:18,calcMaxFebDays
FNDA:87,getDaysInMonth
FNDA:47,validate
FNDA:43,handleInputDateString
FNDA:31,toString
FNDA:43,calcNextDate
DA:1,1
DA:2,18
DA:3,18
DA:4,18
DA:5,18
DA:6,12
DA:7,12
DA:8,8
DA:9,8
DA:10,5
DA:11,8
DA:12,3
DA:13,3
DA:14,12
DA:15,4
DA:16,4
DA:17,12
DA:18,18
DA:19,18
DA:20,9
DA:21,9
DA:22,9
DA:23,9
DA:24,18
DA:25,1
DA:26,1
DA:27,87
DA:28,87
DA:29,87
DA:30,87
DA:31,87
DA:32,87
DA:33,87
DA:34,87
DA:35,42
DA:36,87
DA:37,87
DA:38,87
DA:39,87
DA:40,24
DA:41,87
DA:42,18
DA:43,87
DA:44,3
DA:45,87
DA:46,87
DA:47,1
DA:48,1
DA:49,47
DA:50,47
DA:51,0
DA:52,0
DA:53,47
DA:54,2
DA:55,2
DA:56,47
DA:57,47
DA:58,47
DA:59,18
DA:60,18
DA:61,47
DA:62,47
DA:63,47
DA:64,1
DA:65,1
DA:66,43
DA:67,43
DA:68,43
DA:69,43
DA:70,43
DA:71,43
DA:72,43
DA:73,1
DA:74,1
DA:75,31
DA:76,31
DA:77,25
DA:78,31
DA:79,6
DA:80,6
DA:81,31
DA:82,31
DA:83,17
DA:84,31
DA:85,14
DA:86,14
DA:87,31
DA:88,31
DA:89,31
DA:90,31
DA:91,31
DA:92,1
DA:93,1
DA:94,43
DA:95,43
DA:96,2
DA:97,2
DA:98,43
DA:99,10
DA:100,10
DA:101,43
DA:102,0
DA:103,0
DA:104,31
DA:105,43
DA:106,16
DA:107,16
DA:108,16
DA:109,2
DA:110,2
DA:111,2
DA:112,16
DA:113,31
DA:114,31
DA:115,31
DA:116,1
DA:117,1
LF:117
LH:113
BRDA:1,0,0,18
BRDA:5,1,0,12
BRDA:7,2,0,8
BRDA:9,3,0,5
BRDA:11,4,0,3
BRDA:14,5,0,4
BRDA:19,6,0,9
BRDA:26,7,0,87
BRDA:28,8,0,7
BRDA:29,9,0,15
BRDA:30,10,0,20
BRDA:31,11,0,25
BRDA:32,12,0,30
BRDA:33,13,0,35
BRDA:34,14,0,42
BRDA:36,15,0,6
BRDA:37,16,0,12
BRDA:38,17,0,18
BRDA:39,18,0,24
BRDA:41,19,0,18
BRDA:43,20,0,3
BRDA:48,21,0,47
BRDA:50,22,0,0
BRDA:53,23,0,2
BRDA:58,24,0,18
BRDA:65,25,0,43
BRDA:74,26,0,31
BRDA:76,27,0,25
BRDA:78,28,0,6
BRDA:82,29,0,17
BRDA:84,30,0,14
BRDA:93,31,0,43
BRDA:95,32,0,42
BRDA:95,33,0,2
BRDA:97,34,0,41
BRDA:98,35,0,40
BRDA:98,36,0,10
BRDA:100,37,0,31
BRDA:101,38,0,0
BRDA:103,39,0,31
BRDA:105,40,0,16
BRDA:108,41,0,2
BRDA:112,42,0,31
BRF:43
BRH:41
end_of_record
