TN:
SF:calculator.js
FN:1,calcMaxFebDays
FN:26,getDaysInMonth
FN:48,validate
FN:65,handleInputDateString
FN:74,toString
FN:93,calcNextDate
FNF:6
FNH:6
FNDA:2,calcMaxFebDays
FNDA:11,getDaysInMonth
FNDA:7,validate
FNDA:5,handleInputDateString
FNDA:4,toString
FNDA:5,calcNextDate
DA:1,1
DA:2,2
DA:3,2
DA:4,2
DA:5,2
DA:6,0
DA:7,0
DA:8,0
DA:9,0
DA:10,0
DA:11,0
DA:12,0
DA:13,0
DA:14,0
DA:15,0
DA:16,0
DA:17,0
DA:18,2
DA:19,2
DA:20,0
DA:21,2
DA:22,2
DA:23,2
DA:24,2
DA:25,1
DA:26,1
DA:27,11
DA:28,11
DA:29,11
DA:30,11
DA:31,11
DA:32,11
DA:33,11
DA:34,11
DA:35,8
DA:36,11
DA:37,11
DA:38,11
DA:39,11
DA:40,0
DA:41,11
DA:42,2
DA:43,11
DA:44,1
DA:45,11
DA:46,11
DA:47,1
DA:48,1
DA:49,7
DA:50,7
DA:51,0
DA:52,0
DA:53,7
DA:54,1
DA:55,1
DA:56,7
DA:57,7
DA:58,7
DA:59,4
DA:60,4
DA:61,7
DA:62,7
DA:63,7
DA:64,1
DA:65,1
DA:66,5
DA:67,5
DA:68,5
DA:69,5
DA:70,5
DA:71,5
DA:72,5
DA:73,1
DA:74,1
DA:75,4
DA:76,4
DA:77,4
DA:78,4
DA:79,0
DA:80,0
DA:81,4
DA:82,4
DA:83,3
DA:84,4
DA:85,1
DA:86,1
DA:87,4
DA:88,4
DA:89,4
DA:90,4
DA:91,4
DA:92,1
DA:93,1
DA:94,5
DA:95,5
DA:96,5
DA:97,5
DA:98,5
DA:99,5
DA:100,5
DA:101,4
DA:102,5
DA:103,1
DA:104,1
DA:105,4
DA:106,4
DA:107,5
DA:108,3
DA:109,3
DA:110,3
DA:111,1
DA:112,1
DA:113,1
DA:114,3
DA:115,4
DA:116,4
DA:117,1
DA:118,1
DA:119,1
DA:120,1
LF:120
LH:102
BRDA:1,0,0,2
BRDA:5,1,0,0
BRDA:19,2,0,0
BRDA:26,3,0,11
BRDA:28,4,0,6
BRDA:29,5,0,6
BRDA:30,6,0,6
BRDA:31,7,0,6
BRDA:32,8,0,6
BRDA:33,9,0,6
BRDA:34,10,0,8
BRDA:36,11,0,0
BRDA:37,12,0,0
BRDA:38,13,0,0
BRDA:39,14,0,0
BRDA:41,15,0,2
BRDA:43,16,0,1
BRDA:48,17,0,7
BRDA:50,18,0,0
BRDA:53,19,0,1
BRDA:58,20,0,4
BRDA:65,21,0,5
BRDA:74,22,0,4
BRDA:78,23,0,0
BRDA:82,24,0,3
BRDA:84,25,0,1
BRDA:93,26,0,5
BRDA:96,27,0,4
BRDA:97,28,0,4
BRDA:98,29,0,4
BRDA:99,30,0,4
BRDA:100,31,0,4
BRDA:102,32,0,1
BRDA:104,33,0,4
BRDA:107,34,0,3
BRDA:110,35,0,1
BRDA:114,36,0,4
BRF:37
BRH:29
end_of_record
